To honour the JVM settings for this build a single-use Daemon process will be forked. For more on this, please refer to https://docs.gradle.org/9.3.0/userguide/gradle_daemon.html#sec:disabling_the_daemon in the Gradle documentation.
Daemon will be stopped at the end of the build 

> Configure project :
Fabric Loom: 1.15.4

> Task :compileJava UP-TO-DATE
> Task :processResources UP-TO-DATE
> Task :classes UP-TO-DATE
> Task :compileClientJava UP-TO-DATE
> Task :processClientResources UP-TO-DATE
> Task :clientClasses UP-TO-DATE
> Task :generateLog4jConfig UP-TO-DATE
> Task :generateRemapClasspath UP-TO-DATE
> Task :generateDLIConfig UP-TO-DATE
> Task :configureLaunch UP-TO-DATE
> Task :downloadAssets UP-TO-DATE
> Task :configureClientLaunch UP-TO-DATE

> Task :runClient
2026-02-19T22:40:36.797669200Z main ERROR Unable to delete file C:\Users\frand\Documents\bomboaddons-1.21.10\run\logs\latest.log: java.nio.file.FileSystemException C:\Users\frand\Documents\bomboaddons-1.21.10\run\logs\latest.log: The process cannot access the file because it is being used by another process
2026-02-19T22:40:36.826066300Z main ERROR Unable to delete file C:\Users\frand\Documents\bomboaddons-1.21.10\run\logs\debug.log: java.nio.file.FileSystemException C:\Users\frand\Documents\bomboaddons-1.21.10\run\logs\debug.log: The process cannot access the file because it is being used by another process
[34m[23:40:36][m [32m[main/INFO][m [36m(FabricLoader/GameProvider)[m [0mLoading Minecraft 1.21.10 with Fabric Loader 0.17.3
[m[34m[23:40:36][m [33m[main/WARN][m [36m(FabricLoader/Knot)[m [0mIgnoring invalid library path "C:\Users\frand\AppData\Local\Programs\Opera GX"
[m[34m[23:40:37][m [32m[main/INFO][m [36m(FabricLoader)[m [0mLoading 53 mods:
	- bomboaddons 1.0.7
	- devauth 1.2.1
	- fabric-api 0.138.4+1.21.10
	- fabric-api-base 1.0.0+14b92d896f
	- fabric-api-lookup-api-v1 1.6.106+d17682156f
	- fabric-biome-api-v1 16.1.0+c2417d4f6f
	- fabric-block-api-v1 1.1.5+d17682156f
	- fabric-block-view-api-v2 1.0.34+e4fd1b926f
	- fabric-client-gametest-api-v1 4.2.13+14b92d896f
	- fabric-command-api-v2 2.4.0+c0ab2d5d6f
	- fabric-content-registries-v0 10.2.6+b6a242646f
	- fabric-convention-tags-v1 2.1.49+7f945d5b6f
	- fabric-convention-tags-v2 2.17.0+ff7bc77d6f
	- fabric-crash-report-info-v1 0.3.18+33df5e6e6f
	- fabric-data-attachment-api-v1 1.8.33+cd3b9e596f
	- fabric-data-generation-api-v1 23.2.27+d8b85ef16f
	- fabric-dimensions-v1 4.0.22+38b9cc196f
	- fabric-entity-events-v1 2.1.13+fde3702c6f
	- fabric-events-interaction-v0 4.0.36+5ba217126f
	- fabric-game-rule-api-v1 1.1.1+e47eaae56f
	- fabric-gametest-api-v1 3.1.21+33df5e6e6f
	- fabric-item-api-v1 11.5.11+9bce411b6f
	- fabric-item-group-api-v1 4.2.27+86b3ae576f
	- fabric-key-binding-api-v1 1.1.1+b3ba9c486f
	- fabric-lifecycle-events-v1 2.6.9+33df5e6e6f
	- fabric-loot-api-v2 3.0.67+3f89f5a56f
	- fabric-loot-api-v3 2.0.14+d17682156f
	- fabric-message-api-v1 6.1.7+3154c1c86f
	- fabric-model-loading-api-v1 6.0.5+3ffd6ef06f
	- fabric-networking-api-v1 5.1.0+b095d8db6f
	- fabric-object-builder-api-v1 21.1.28+9bce411b6f
	- fabric-particles-v1 4.2.3+a0ee59a46f
	- fabric-recipe-api-v1 8.2.0+39709ef06f
	- fabric-registry-sync-v0 6.1.42+679c8c5c6f
	- fabric-renderer-api-v1 7.2.3+9be2a36e6f
	- fabric-renderer-indigo 4.1.4+9be2a36e6f
	- fabric-rendering-fluids-v1 3.1.38+86b3ae576f
	- fabric-rendering-v1 16.2.0+bee81f016f
	- fabric-resource-conditions-api-v1 5.0.28+33df5e6e6f
	- fabric-resource-loader-v0 3.3.1+d4d4122a6f
	- fabric-resource-loader-v1 1.0.4+14959b836f
	- fabric-screen-api-v1 3.1.0+9c82a7986f
	- fabric-screen-handler-api-v1 1.3.151+d17682156f
	- fabric-serialization-api-v1 1.0.0+d857c9766f
	- fabric-sound-api-v1 1.0.45+328a75ba6f
	- fabric-tag-api-v1 1.2.13+2fa446b26f
	- fabric-transfer-api-v1 6.0.15+79ec2c126f
	- fabric-transitive-access-wideners-v1 6.5.3+41eb43436f
	- fabricloader 0.17.3
	- java 21
	- libninepatch 1.2.0
	- minecraft 1.21.10
	- mixinextras 0.5.0
[m[34m[23:40:37][m [33m[main/WARN][m [36m(FabricLoader/ModRemap)[m [0mError deleting failed output jar C:\Users\frand\Documents\bomboaddons-1.21.10\run\.fabric\processedMods\libninepatch-1.2.0-64b5720b4b825f21.jar
[m java.nio.file.FileSystemException: C:\Users\frand\Documents\bomboaddons-1.21.10\run\.fabric\processedMods\libninepatch-1.2.0-64b5720b4b825f21.jar: The process cannot access the file because it is being used by another process
	at java.base/sun.nio.fs.WindowsException.translateToIOException(WindowsException.java:92) ~[?:?]
	at java.base/sun.nio.fs.WindowsException.rethrowAsIOException(WindowsException.java:103) ~[?:?]
	at java.base/sun.nio.fs.WindowsException.rethrowAsIOException(WindowsException.java:108) ~[?:?]
	at java.base/sun.nio.fs.WindowsFileSystemProvider.implDelete(WindowsFileSystemProvider.java:273) ~[?:?]
	at java.base/sun.nio.fs.AbstractFileSystemProvider.deleteIfExists(AbstractFileSystemProvider.java:110) ~[?:?]
	at java.base/java.nio.file.Files.deleteIfExists(Files.java:1192) ~[?:?]
	at net.fabricmc.loader.impl.discovery.RuntimeModRemapper.remap(RuntimeModRemapper.java:213) [fabric-loader-0.17.3.jar:?]
	at net.fabricmc.loader.impl.FabricLoaderImpl.setup(FabricLoaderImpl.java:250) [fabric-loader-0.17.3.jar:?]
	at net.fabricmc.loader.impl.FabricLoaderImpl.load(FabricLoaderImpl.java:199) [fabric-loader-0.17.3.jar:?]
	at net.fabricmc.loader.impl.launch.knot.Knot.init(Knot.java:142) [fabric-loader-0.17.3.jar:?]
	at net.fabricmc.loader.impl.launch.knot.Knot.launch(Knot.java:66) [fabric-loader-0.17.3.jar:?]
	at net.fabricmc.loader.impl.launch.knot.KnotClient.main(KnotClient.java:23) [fabric-loader-0.17.3.jar:?]
	at net.fabricmc.devlaunchinjector.Main.main(Main.java:86) [dev-launch-injector-0.2.1+build.8.jar:?]
[34m[23:40:37][m [31m[main/ERROR][m [36m(FabricLoader)[m [31mFailed to remap mods!
[m net.fabricmc.loader.impl.FormattedException: java.nio.file.FileSystemException: C:\Users\frand\Documents\bomboaddons-1.21.10\run\.fabric\processedMods\libninepatch-1.2.0-64b5720b4b825f21.jar: The process cannot access the file because it is being used by another process
	at net.fabricmc.loader.impl.discovery.RuntimeModRemapper.remap(RuntimeModRemapper.java:219) ~[fabric-loader-0.17.3.jar:?]
	at net.fabricmc.loader.impl.FabricLoaderImpl.setup(FabricLoaderImpl.java:250) ~[fabric-loader-0.17.3.jar:?]
	at net.fabricmc.loader.impl.FabricLoaderImpl.load(FabricLoaderImpl.java:199) ~[fabric-loader-0.17.3.jar:?]
	at net.fabricmc.loader.impl.launch.knot.Knot.init(Knot.java:142) ~[fabric-loader-0.17.3.jar:?]
	at net.fabricmc.loader.impl.launch.knot.Knot.launch(Knot.java:66) [fabric-loader-0.17.3.jar:?]
	at net.fabricmc.loader.impl.launch.knot.KnotClient.main(KnotClient.java:23) [fabric-loader-0.17.3.jar:?]
	at net.fabricmc.devlaunchinjector.Main.main(Main.java:86) [dev-launch-injector-0.2.1+build.8.jar:?]
Caused by: java.nio.file.FileSystemException: C:\Users\frand\Documents\bomboaddons-1.21.10\run\.fabric\processedMods\libninepatch-1.2.0-64b5720b4b825f21.jar: The process cannot access the file because it is being used by another process
	at java.base/sun.nio.fs.WindowsException.translateToIOException(WindowsException.java:92) ~[?:?]
	at java.base/sun.nio.fs.WindowsException.rethrowAsIOException(WindowsException.java:103) ~[?:?]
	at java.base/sun.nio.fs.WindowsException.rethrowAsIOException(WindowsException.java:108) ~[?:?]
	at java.base/sun.nio.fs.WindowsFileSystemProvider.implDelete(WindowsFileSystemProvider.java:273) ~[?:?]
	at java.base/sun.nio.fs.AbstractFileSystemProvider.deleteIfExists(AbstractFileSystemProvider.java:110) ~[?:?]
	at java.base/java.nio.file.Files.deleteIfExists(Files.java:1192) ~[?:?]
	at net.fabricmc.loader.impl.discovery.RuntimeModRemapper.remap(RuntimeModRemapper.java:111) ~[fabric-loader-0.17.3.jar:?]
	... 6 more

> Task :runClient FAILED

[Incubating] Problems report is available at: file:///C:/Users/frand/Documents/bomboaddons-1.21.10/build/reports/problems/problems-report.html

FAILURE: Build failed with an exception.

* What went wrong:
Execution failed for task ':runClient'.
> Process 'command 'C:\Program Files\Eclipse Adoptium\jdk-21.0.9.10-hotspot\bin\java.exe'' finished with non-zero exit value 1

* Try:
> Run with --stacktrace option to get the stack trace.
> Run with --info or --debug option to get more log output.
> Run with --scan to get full insights from a Build Scan (powered by Develocity).
> Get more help at https://help.gradle.org.

Deprecated Gradle features were used in this build, making it incompatible with Gradle 10.

You can use '--warning-mode all' to show the individual deprecation warnings and determine if they come from your own scripts or plugins.

For more on this, please refer to https://docs.gradle.org/9.3.0/userguide/command_line_interface.html#sec:command_line_warnings in the Gradle documentation.

BUILD FAILED in 48s
9 actionable tasks: 1 executed, 8 up-to-date
